<?xml version="1.0" encoding="UTF-8"?>
<testng-results skipped="0" failed="0" total="1" passed="1">
  <reporter-output>
  </reporter-output>
  <suite name="phoenix_web_1" duration-ms="45576" started-at="2018-01-28T13:13:38Z" finished-at="2018-01-28T13:14:23Z">
    <groups>
    </groups>
    <test name="注册" duration-ms="45576" started-at="2018-01-28T13:13:38Z" finished-at="2018-01-28T13:14:23Z">
      <class name="com.lemon.phoenix.RegisterPage">
        <test-method status="PASS" signature="setUp(java.lang.String, java.lang.String)[pri:0, instance:com.lemon.phoenix.RegisterPage@76707e36]" name="setUp" is-config="true" duration-ms="63212" started-at="2018-01-28T21:12:35Z" finished-at="2018-01-28T21:13:38Z">
          <params>
            <param index="0">
              <value>
                <![CDATA[firefox]]>
              </value>
            </param>
            <param index="1">
              <value>
                <![CDATA[src\\test\\resources\\geckodriver.exe]]>
              </value>
            </param>
          </params>
          <reporter-output>
          </reporter-output>
        </test-method> <!-- setUp -->
        <test-method status="PASS" signature="testSuccessdatas()[pri:0, instance:com.lemon.phoenix.RegisterPage@76707e36]" name="testSuccessdatas" duration-ms="45490" started-at="2018-01-28T21:13:38Z" finished-at="2018-01-28T21:14:23Z">
          <reporter-output>
          </reporter-output>
        </test-method> <!-- testSuccessdatas -->
        <test-method status="PASS" signature="tearDown()[pri:0, instance:com.lemon.phoenix.RegisterPage@76707e36]" name="tearDown" is-config="true" duration-ms="1347162" started-at="2018-01-28T21:14:24Z" finished-at="2018-01-28T21:36:51Z">
          <reporter-output>
          </reporter-output>
        </test-method> <!-- tearDown -->
      </class> <!-- com.lemon.phoenix.RegisterPage -->
    </test> <!-- 注册 -->
  </suite> <!-- phoenix_web_1 -->
</testng-results>
