<?xml version="1.0" encoding="UTF-8" ?>
<testsuite tests="1" failures="1" name="TestSuite" time="40.314" errors="0" skipped="0">
  <properties>
[...]
</properties>
  <testcase classname="com.lemon.phoenix.RegisterPage" name="testSuccessdatas" time="6.819">
    <failure message="Reached error page: about:neterror?e=connectionFailure&amp;u=http%3A//39.108.136.60%3A8380/lmcanon_web_auto/mng/register.html&amp;c=UTF-8&amp;f=regular&amp;d=Firefox%20%E6%97%A0%E6%B3%95%E5%BB%BA%E7%AB%8B%E5%88%B0%2039.108.136.60%3A8380%20%E6%9C%8D%E5%8A%A1%E5%99%A8%E7%9A%84%E8%BF%9E%E6%8E%A5%E3%80%82
Build info: version: &apos;3.5.1&apos;, revision: &apos;9c21bb67ef&apos;, time: &apos;2017-08-17T15:26:08.955Z&apos;
System info: host: &apos;BONREE-PC&apos;, ip: &apos;5.5.12.3&apos;, os.name: &apos;Windows 7&apos;, os.arch: &apos;amd64&apos;, os.version: &apos;6.1&apos;, java.version: &apos;1.8.0_121&apos;
Driver info: org.openqa.selenium.firefox.FirefoxDriver
Capabilities [{moz:profile=C:\Users\bonree\AppData\Local\Temp\rust_mozprofile.53TDuqnno42g, rotatable=false, timeouts={implicit=0.0, pageLoad=300000.0, script=30000.0}, pageLoadStrategy=normal, moz:headless=false, platform=ANY, specificationLevel=0.0, moz:accessibilityChecks=false, acceptInsecureCerts=false, browserVersion=56.0.1, platformVersion=6.1, moz:processID=17200.0, browserName=firefox, javascriptEnabled=true, platformName=windows_nt}]
Session ID: b56d70c0-73a0-45d2-9535-84aa9f597b6c" type="org.openqa.selenium.WebDriverException">org.openqa.selenium.WebDriverException: Reached error page: about:neterror?e=connectionFailure&amp;u=http%3A//39.108.136.60%3A8380/lmcanon_web_auto/mng/register.html&amp;c=UTF-8&amp;f=regular&amp;d=Firefox%20%E6%97%A0%E6%B3%95%E5%BB%BA%E7%AB%8B%E5%88%B0%2039.108.136.60%3A8380%20%E6%9C%8D%E5%8A%A1%E5%99%A8%E7%9A%84%E8%BF%9E%E6%8E%A5%E3%80%82
Build info: version: &apos;3.5.1&apos;, revision: &apos;9c21bb67ef&apos;, time: &apos;2017-08-17T15:26:08.955Z&apos;
System info: host: &apos;BONREE-PC&apos;, ip: &apos;5.5.12.3&apos;, os.name: &apos;Windows 7&apos;, os.arch: &apos;amd64&apos;, os.version: &apos;6.1&apos;, java.version: &apos;1.8.0_121&apos;
Driver info: org.openqa.selenium.firefox.FirefoxDriver
Capabilities [{moz:profile=C:\Users\bonree\AppData\Local\Temp\rust_mozprofile.53TDuqnno42g, rotatable=false, timeouts={implicit=0.0, pageLoad=300000.0, script=30000.0}, pageLoadStrategy=normal, moz:headless=false, platform=ANY, specificationLevel=0.0, moz:accessibilityChecks=false, acceptInsecureCerts=false, browserVersion=56.0.1, platformVersion=6.1, moz:processID=17200.0, browserName=firefox, javascriptEnabled=true, platformName=windows_nt}]
Session ID: b56d70c0-73a0-45d2-9535-84aa9f597b6c
	at sun.reflect.NativeConstructorAccessorImpl.newInstance0(Native Method)
	at sun.reflect.NativeConstructorAccessorImpl.newInstance(NativeConstructorAccessorImpl.java:62)
	at sun.reflect.DelegatingConstructorAccessorImpl.newInstance(DelegatingConstructorAccessorImpl.java:45)
	at java.lang.reflect.Constructor.newInstance(Constructor.java:423)
	at org.openqa.selenium.remote.http.W3CHttpResponseCodec.createException(W3CHttpResponseCodec.java:185)
	at org.openqa.selenium.remote.http.W3CHttpResponseCodec.decode(W3CHttpResponseCodec.java:120)
	at org.openqa.selenium.remote.http.W3CHttpResponseCodec.decode(W3CHttpResponseCodec.java:49)
	at org.openqa.selenium.remote.HttpCommandExecutor.execute(HttpCommandExecutor.java:164)
	at org.openqa.selenium.remote.service.DriverCommandExecutor.execute(DriverCommandExecutor.java:82)
	at org.openqa.selenium.remote.RemoteWebDriver.execute(RemoteWebDriver.java:641)
	at org.openqa.selenium.remote.RemoteWebDriver.get(RemoteWebDriver.java:368)
	at org.openqa.selenium.remote.RemoteWebDriver$RemoteNavigation.to(RemoteWebDriver.java:949)
	at com.lemon.phoenix.Base.to(Base.java:209)
	at com.lemon.phoenix.RegisterPage.testSuccessdatas(RegisterPage.java:35)
</failure>
    <system-out>@HL
@HL-------------------------------------------------------
@HL T E S T S
@HL-------------------------------------------------------
@SLRunning TestSuite
[INFO] 2018-02-24 15:23:59 method: com.lemon.phoenix.Base.setUp(Base.java:34)----*************************开始测试********************************
[INFO] 2018-02-24 15:23:59 method: com.lemon.phoenix.Base.setUp(Base.java:35)----初始化浏览器驱动，浏览器类型是firefox，驱动路径是:src\\test\\resources\\geckodriver.exe
[INFO] 2018-02-24 15:24:29 method: com.lemon.phoenix.Base.setUp(Base.java:39)----创建了firefox驱动
</system-out>
    <system-err>二月 24, 2018 3:24:29 下午 org.openqa.selenium.remote.ProtocolHandshake createSession
信息: Detected dialect: W3C
</system-err>
  </testcase>
</testsuite>