<?xml version="1.0" encoding="UTF-8"?>
<testng-results skipped="0" failed="0" total="6" passed="6">
  <reporter-output>
  </reporter-output>
  <suite name="phoenix_interface_1" duration-ms="3453" started-at="2018-03-17T02:32:04Z" finished-at="2018-03-17T02:32:07Z">
    <groups>
    </groups>
    <test name="registerTest" duration-ms="3453" started-at="2018-03-17T02:32:04Z" finished-at="2018-03-17T02:32:07Z">
      <class name="com.lemon.phoenix.interfaces.RegisterInterface">
        <test-method status="PASS" signature="test1(java.lang.String, java.lang.String, java.lang.String, java.lang.String, java.lang.String)[pri:0, instance:com.lemon.phoenix.interfaces.RegisterInterface@73f792cf]" name="test1" duration-ms="1691" started-at="2018-03-17T10:32:05Z" data-provider="datas" finished-at="2018-03-17T10:32:06Z">
          <params>
            <param index="0">
              <value>
                <![CDATA[1]]>
              </value>
            </param>
            <param index="1">
              <value>
                <![CDATA[1]]>
              </value>
            </param>
            <param index="2">
              <value>
                <![CDATA[{"mobilephone":"13517315121","pwd":"123456","regname":"柠檬班"}]]>
              </value>
            </param>
            <param index="3">
              <value>
                <![CDATA[{"status":1,"code":"10001","data":null,"msg":"注册成功"}]]>
              </value>
            </param>
            <param index="4">
              <value>
                <![CDATA[[{"no":"1","sql":"select count(*) from member where mobilephone='13517315121'","expectedQueryRereslt":"1"}]]]>
              </value>
            </param>
          </params>
          <reporter-output>
          </reporter-output>
        </test-method> <!-- test1 -->
        <test-method status="PASS" signature="test1(java.lang.String, java.lang.String, java.lang.String, java.lang.String, java.lang.String)[pri:0, instance:com.lemon.phoenix.interfaces.RegisterInterface@73f792cf]" name="test1" duration-ms="492" started-at="2018-03-17T10:32:06Z" data-provider="datas" finished-at="2018-03-17T10:32:07Z">
          <params>
            <param index="0">
              <value>
                <![CDATA[2]]>
              </value>
            </param>
            <param index="1">
              <value>
                <![CDATA[1]]>
              </value>
            </param>
            <param index="2">
              <value>
                <![CDATA[{"mobilephone":"13517315121","pwd":"123456","regname":"柠檬班"}]]>
              </value>
            </param>
            <param index="3">
              <value>
                <![CDATA[{"status":0,"code":"20110","data":null,"msg":"手机号码已被注册"}]]>
              </value>
            </param>
            <param index="4">
              <value>
                <![CDATA[[{"no":"1","sql":"select count(*) from member where mobilephone='13517315121'","expectedQueryRereslt":"1"}]]]>
              </value>
            </param>
          </params>
          <reporter-output>
          </reporter-output>
        </test-method> <!-- test1 -->
        <test-method status="PASS" signature="test1(java.lang.String, java.lang.String, java.lang.String, java.lang.String, java.lang.String)[pri:0, instance:com.lemon.phoenix.interfaces.RegisterInterface@73f792cf]" name="test1" duration-ms="95" started-at="2018-03-17T10:32:07Z" data-provider="datas" finished-at="2018-03-17T10:32:07Z">
          <params>
            <param index="0">
              <value>
                <![CDATA[3]]>
              </value>
            </param>
            <param index="1">
              <value>
                <![CDATA[1]]>
              </value>
            </param>
            <param index="2">
              <value>
                <![CDATA[{"mobilephone":"13517315121","pwd":"","regname":"柠檬班"}]]>
              </value>
            </param>
            <param index="3">
              <value>
                <![CDATA[{"status":0,"code":"20103","data":null,"msg":"密码不能为空"}]]>
              </value>
            </param>
            <param index="4">
              <value>
                <![CDATA[]]>
              </value>
            </param>
          </params>
          <reporter-output>
          </reporter-output>
        </test-method> <!-- test1 -->
        <test-method status="PASS" signature="test1(java.lang.String, java.lang.String, java.lang.String, java.lang.String, java.lang.String)[pri:0, instance:com.lemon.phoenix.interfaces.RegisterInterface@73f792cf]" name="test1" duration-ms="86" started-at="2018-03-17T10:32:07Z" data-provider="datas" finished-at="2018-03-17T10:32:07Z">
          <params>
            <param index="0">
              <value>
                <![CDATA[4]]>
              </value>
            </param>
            <param index="1">
              <value>
                <![CDATA[1]]>
              </value>
            </param>
            <param index="2">
              <value>
                <![CDATA[{"mobilephone":"","pwd":"","regname":"柠檬班"}]]>
              </value>
            </param>
            <param index="3">
              <value>
                <![CDATA[{"status":0,"code":"20103","data":null,"msg":"手机号不能为空"}]]>
              </value>
            </param>
            <param index="4">
              <value>
                <![CDATA[]]>
              </value>
            </param>
          </params>
          <reporter-output>
          </reporter-output>
        </test-method> <!-- test1 -->
        <test-method status="PASS" signature="test1(java.lang.String, java.lang.String, java.lang.String, java.lang.String, java.lang.String)[pri:0, instance:com.lemon.phoenix.interfaces.RegisterInterface@73f792cf]" name="test1" duration-ms="118" started-at="2018-03-17T10:32:07Z" data-provider="datas" finished-at="2018-03-17T10:32:07Z">
          <params>
            <param index="0">
              <value>
                <![CDATA[5]]>
              </value>
            </param>
            <param index="1">
              <value>
                <![CDATA[1]]>
              </value>
            </param>
            <param index="2">
              <value>
                <![CDATA[{"mobilephone":"135","pwd":"123456","regname":"柠檬班"}]]>
              </value>
            </param>
            <param index="3">
              <value>
                <![CDATA[{"status":0,"code":"20109","data":null,"msg":"手机号码格式不正确"}]]>
              </value>
            </param>
            <param index="4">
              <value>
                <![CDATA[]]>
              </value>
            </param>
          </params>
          <reporter-output>
          </reporter-output>
        </test-method> <!-- test1 -->
        <test-method status="PASS" signature="test1(java.lang.String, java.lang.String, java.lang.String, java.lang.String, java.lang.String)[pri:0, instance:com.lemon.phoenix.interfaces.RegisterInterface@73f792cf]" name="test1" duration-ms="91" started-at="2018-03-17T10:32:07Z" data-provider="datas" finished-at="2018-03-17T10:32:07Z">
          <params>
            <param index="0">
              <value>
                <![CDATA[6]]>
              </value>
            </param>
            <param index="1">
              <value>
                <![CDATA[1]]>
              </value>
            </param>
            <param index="2">
              <value>
                <![CDATA[{"mobilephone":"13517315121","pwd":"123","regname":"柠檬班"}]]>
              </value>
            </param>
            <param index="3">
              <value>
                <![CDATA[{"status":0,"code":"20108","data":null,"msg":"密码长度必须为6~18"}]]>
              </value>
            </param>
            <param index="4">
              <value>
                <![CDATA[]]>
              </value>
            </param>
          </params>
          <reporter-output>
          </reporter-output>
        </test-method> <!-- test1 -->
        <test-method status="PASS" signature="batchWriteCaseResult()[pri:0, instance:com.lemon.phoenix.interfaces.RegisterInterface@73f792cf]" name="batchWriteCaseResult" is-config="true" duration-ms="406" started-at="2018-03-17T10:32:07Z" finished-at="2018-03-17T10:32:08Z">
          <reporter-output>
          </reporter-output>
        </test-method> <!-- batchWriteCaseResult -->
      </class> <!-- com.lemon.phoenix.interfaces.RegisterInterface -->
    </test> <!-- registerTest -->
  </suite> <!-- phoenix_interface_1 -->
</testng-results>
