<?xml version="1.0" encoding="UTF-8"?>
<!-- Generated by org.testng.reporters.JUnitXMLReporter -->
<testsuite hostname="bonree-PC" name="注册" tests="2" failures="2" timestamp="8 Apr 2018 01:45:49 GMT" time="30.804" errors="0">
  <testcase name="testSuccessdatas" time="30.731" classname="com.lemon.phoenix.RegisterPage">
    <failure type="java.lang.NullPointerException">
      <![CDATA[java.lang.NullPointerException
	at com.lemon.phoenix.assertion.Assertion.assertNotNull(Assertion.java:52)
	at com.lemon.phoenix.RegisterPage.testSuccessdatas(RegisterPage.java:43)
... Removed 24 stack frames]]>
    </failure>
  </testcase> <!-- testSuccessdatas -->
  <testcase name="testSuccessdatas" time="30.789" classname="com.lemon.phoenix.RegisterPage">
    <failure type="org.openqa.selenium.WebDriverException" message="Tried to run command without establishing a connection
Build info: version: &amp;apos;3.5.1&amp;apos;, revision: &amp;apos;9c21bb67ef&amp;apos;, time: &amp;apos;2017-08-17T15:26:08.955Z&amp;apos;
System info: host: &amp;apos;BONREE-PC&amp;apos;, ip: &amp;apos;5.5.10.4&amp;apos;, os.name: &amp;apos;Windows 7&amp;apos;, os.arch: &amp;apos;amd64&amp;apos;, os.version: &amp;apos;6.1&amp;apos;, java.version: &amp;apos;1.8.0_121&amp;apos;
Driver info: org.openqa.selenium.firefox.FirefoxDriver
Capabilities [{moz:profile=C:\Users\bonree\AppData\Local\Temp\rust_mozprofile.GTRpGJud89i0, rotatable=false, timeouts={implicit=0.0, pageLoad=300000.0, script=30000.0}, pageLoadStrategy=normal, moz:headless=false, platform=ANY, specificationLevel=0.0, moz:accessibilityChecks=false, acceptInsecureCerts=false, browserVersion=56.0.1, platformVersion=6.1, moz:processID=8336.0, browserName=firefox, javascriptEnabled=true, platformName=windows_nt}]
Session ID: a8bea118-3f86-4189-8ba6-88fb9f30db54">
      <![CDATA[org.openqa.selenium.WebDriverException: Tried to run command without establishing a connection
Build info: version: '3.5.1', revision: '9c21bb67ef', time: '2017-08-17T15:26:08.955Z'
System info: host: 'BONREE-PC', ip: '5.5.10.4', os.name: 'Windows 7', os.arch: 'amd64', os.version: '6.1', java.version: '1.8.0_121'
Driver info: org.openqa.selenium.firefox.FirefoxDriver
Capabilities [{moz:profile=C:\Users\bonree\AppData\Local\Temp\rust_mozprofile.GTRpGJud89i0, rotatable=false, timeouts={implicit=0.0, pageLoad=300000.0, script=30000.0}, pageLoadStrategy=normal, moz:headless=false, platform=ANY, specificationLevel=0.0, moz:accessibilityChecks=false, acceptInsecureCerts=false, browserVersion=56.0.1, platformVersion=6.1, moz:processID=8336.0, browserName=firefox, javascriptEnabled=true, platformName=windows_nt}]
Session ID: a8bea118-3f86-4189-8ba6-88fb9f30db54
	at org.openqa.selenium.remote.http.W3CHttpResponseCodec.createException(W3CHttpResponseCodec.java:185)
	at org.openqa.selenium.remote.http.W3CHttpResponseCodec.decode(W3CHttpResponseCodec.java:120)
	at org.openqa.selenium.remote.http.W3CHttpResponseCodec.decode(W3CHttpResponseCodec.java:49)
	at org.openqa.selenium.remote.HttpCommandExecutor.execute(HttpCommandExecutor.java:164)
	at org.openqa.selenium.remote.service.DriverCommandExecutor.execute(DriverCommandExecutor.java:82)
	at org.openqa.selenium.remote.RemoteWebDriver.execute(RemoteWebDriver.java:641)
	at org.openqa.selenium.remote.RemoteWebDriver.execute(RemoteWebDriver.java:698)
	at org.openqa.selenium.remote.RemoteWebDriver.getScreenshotAs(RemoteWebDriver.java:386)
	at com.lemon.phoenix.util.ScreenUtil.takeScreenShot(ScreenUtil.java:20)
	at com.lemon.phoenix.listener.TestListener.onTestFailure(TestListener.java:21)
... Removed 25 stack frames]]>
    </failure>
  </testcase> <!-- testSuccessdatas -->
</testsuite> <!-- 注册 -->
