<?xml version="1.0" encoding="UTF-8"?>
<!-- Generated by org.testng.reporters.JUnitXMLReporter -->
<testsuite hostname="LAPTOP-MSML1B66" name="注册" tests="1" failures="1" timestamp="17 Mar 2018 07:12:52 GMT" time="47.721" errors="0">
  <testcase name="testSuccessdatas" time="46.171" classname="com.lemon.phoenix.RegisterPage">
    <failure type="java.lang.NullPointerException">
      <![CDATA[java.lang.NullPointerException
	at com.lemon.phoenix.assertion.Assertion.assertNotNull(Assertion.java:52)
	at com.lemon.phoenix.RegisterPage.testSuccessdatas(RegisterPage.java:43)
... Removed 24 stack frames]]>
    </failure>
  </testcase> <!-- testSuccessdatas -->
</testsuite> <!-- 注册 -->
