<?xml version="1.0" encoding="UTF-8"?>
<!-- Generated by org.testng.reporters.JUnitXMLReporter -->
<testsuite hostname="bonree-PC" name="百度" tests="1" failures="1" timestamp="23 Apr 2018 02:08:33 GMT" time="53.042" errors="0">
  <testcase name="Test1" time="52.937" classname="com.lemon.phoenix.FirstPage">
    <failure type="java.lang.IllegalArgumentException" message="Must provide a location for a move action.">
      <![CDATA[java.lang.IllegalArgumentException: Must provide a location for a move action.
	at org.openqa.selenium.interactions.MoveMouseAction.<init>(MoveMouseAction.java:38)
	at org.openqa.selenium.interactions.Actions.moveToElement(Actions.java:388)
	at com.lemon.phoenix.FirstPage.Test1(FirstPage.java:32)
... Removed 24 stack frames]]>
    </failure>
  </testcase> <!-- Test1 -->
</testsuite> <!-- 百度 -->
