<?xml version="1.0" encoding="UTF-8"?>
<!-- Generated by org.testng.reporters.JUnitXMLReporter -->
<testsuite hostname="bonree-PC" name="registerTest" tests="6" failures="0" timestamp="3 Apr 2018 09:42:20 GMT" time="3.426" errors="0">
  <testcase name="test1" time="1.34" classname="com.lemon.phoenix.interfaces.RegisterInterface"/>
  <testcase name="test1" time="0.253" classname="com.lemon.phoenix.interfaces.RegisterInterface"/>
  <testcase name="test1" time="0.047" classname="com.lemon.phoenix.interfaces.RegisterInterface"/>
  <testcase name="test1" time="0.048" classname="com.lemon.phoenix.interfaces.RegisterInterface"/>
  <testcase name="test1" time="0.048" classname="com.lemon.phoenix.interfaces.RegisterInterface"/>
  <testcase name="test1" time="0.05" classname="com.lemon.phoenix.interfaces.RegisterInterface"/>
</testsuite> <!-- registerTest -->
