<?xml version="1.0" encoding="UTF-8"?>
<!-- Generated by org.testng.reporters.JUnitXMLReporter -->
<testsuite hostname="bonree-PC" name="注册" tests="1" failures="1" timestamp="24 Feb 2018 07:35:51 GMT" time="40.416" errors="0">
  <testcase name="testSuccessdatas" time="40.197" classname="com.lemon.phoenix.RegisterPage">
    <failure type="java.lang.NullPointerException">
      <![CDATA[java.lang.NullPointerException
	at com.lemon.phoenix.assertion.Assertion.assertNotNull(Assertion.java:52)
	at com.lemon.phoenix.RegisterPage.testSuccessdatas(RegisterPage.java:43)
	at com.sun.proxy.$Proxy0.invoke(Unknown Source)
... Removed 32 stack frames]]>
    </failure>
  </testcase> <!-- testSuccessdatas -->
</testsuite> <!-- 注册 -->
