<?xml version="1.0" encoding="UTF-8"?>
<testng-results skipped="0" failed="1" total="1" passed="0">
  <reporter-output>
    <line>
      <![CDATA[<img src='http://localhost/screenshot/百度/2018-04-23/1524449313789.jpg'hight='100' width='100'><a href='http://localhost/screenshot/百度/2018-04-23/1524449313789.jpg'target='_blank'>点击查看大图</a></img>]]>
    </line>
  </reporter-output>
  <suite name="phoenix_web_1" duration-ms="53042" started-at="2018-04-23T02:07:40Z" finished-at="2018-04-23T02:08:33Z">
    <groups>
    </groups>
    <test name="百度" duration-ms="53042" started-at="2018-04-23T02:07:40Z" finished-at="2018-04-23T02:08:33Z">
      <class name="com.lemon.phoenix.FirstPage">
        <test-method status="PASS" signature="setUp(java.lang.String, java.lang.String)[pri:0, instance:com.lemon.phoenix.FirstPage@370736d9]" name="setUp" is-config="true" duration-ms="6550" started-at="2018-04-23T10:07:34Z" finished-at="2018-04-23T10:07:40Z">
          <params>
            <param index="0">
              <value>
                <![CDATA[firefox]]>
              </value>
            </param>
            <param index="1">
              <value>
                <![CDATA[src\\test\\resources\\geckodriver.exe]]>
              </value>
            </param>
          </params>
          <reporter-output>
          </reporter-output>
        </test-method> <!-- setUp -->
        <test-method status="FAIL" signature="Test1()[pri:0, instance:com.lemon.phoenix.FirstPage@370736d9]" name="Test1" duration-ms="52937" started-at="2018-04-23T10:07:40Z" finished-at="2018-04-23T10:08:33Z">
          <exception class="java.lang.IllegalArgumentException">
            <message>
              <![CDATA[Must provide a location for a move action.]]>
            </message>
            <full-stacktrace>
              <![CDATA[java.lang.IllegalArgumentException: Must provide a location for a move action.
	at org.openqa.selenium.interactions.MoveMouseAction.<init>(MoveMouseAction.java:38)
	at org.openqa.selenium.interactions.Actions.moveToElement(Actions.java:388)
	at com.lemon.phoenix.FirstPage.Test1(FirstPage.java:32)
	at sun.reflect.NativeMethodAccessorImpl.invoke0(Native Method)
	at sun.reflect.NativeMethodAccessorImpl.invoke(NativeMethodAccessorImpl.java:62)
	at sun.reflect.DelegatingMethodAccessorImpl.invoke(DelegatingMethodAccessorImpl.java:43)
	at java.lang.reflect.Method.invoke(Method.java:498)
	at org.testng.internal.MethodInvocationHelper.invokeMethod(MethodInvocationHelper.java:84)
	at org.testng.internal.Invoker.invokeMethod(Invoker.java:714)
	at org.testng.internal.Invoker.invokeTestMethod(Invoker.java:901)
	at org.testng.internal.Invoker.invokeTestMethods(Invoker.java:1231)
	at org.testng.internal.TestMethodWorker.invokeTestMethods(TestMethodWorker.java:127)
	at org.testng.internal.TestMethodWorker.run(TestMethodWorker.java:111)
	at org.testng.TestRunner.privateRun(TestRunner.java:767)
	at org.testng.TestRunner.run(TestRunner.java:617)
	at org.testng.SuiteRunner.runTest(SuiteRunner.java:348)
	at org.testng.SuiteRunner.runSequentially(SuiteRunner.java:343)
	at org.testng.SuiteRunner.privateRun(SuiteRunner.java:305)
	at org.testng.SuiteRunner.run(SuiteRunner.java:254)
	at org.testng.SuiteRunnerWorker.runSuite(SuiteRunnerWorker.java:52)
	at org.testng.SuiteRunnerWorker.run(SuiteRunnerWorker.java:86)
	at org.testng.TestNG.runSuitesSequentially(TestNG.java:1224)
	at org.testng.TestNG.runSuitesLocally(TestNG.java:1149)
	at org.testng.TestNG.run(TestNG.java:1057)
	at org.testng.remote.RemoteTestNG.run(RemoteTestNG.java:111)
	at org.testng.remote.RemoteTestNG.initAndRun(RemoteTestNG.java:204)
	at org.testng.remote.RemoteTestNG.main(RemoteTestNG.java:175)
]]>
            </full-stacktrace>
          </exception> <!-- java.lang.IllegalArgumentException -->
          <reporter-output>
            <line>
              <![CDATA[<img src='http://localhost/screenshot/百度/2018-04-23/1524449313789.jpg'hight='100' width='100'><a href='http://localhost/screenshot/百度/2018-04-23/1524449313789.jpg'target='_blank'>点击查看大图</a></img>]]>
            </line>
          </reporter-output>
        </test-method> <!-- Test1 -->
        <test-method status="PASS" signature="tearDown()[pri:0, instance:com.lemon.phoenix.FirstPage@370736d9]" name="tearDown" is-config="true" duration-ms="744" started-at="2018-04-23T10:08:33Z" finished-at="2018-04-23T10:08:34Z">
          <reporter-output>
          </reporter-output>
        </test-method> <!-- tearDown -->
      </class> <!-- com.lemon.phoenix.FirstPage -->
    </test> <!-- 百度 -->
  </suite> <!-- phoenix_web_1 -->
</testng-results>
