<?xml version="1.0" encoding="UTF-8"?>
<testng-results skipped="0" failed="0" total="1" passed="1">
  <reporter-output>
  </reporter-output>
  <suite name="phoenix_app_1" duration-ms="921" started-at="2018-04-03T01:58:02Z" finished-at="2018-04-03T01:58:03Z">
    <groups>
    </groups>
    <test name="registerTest" duration-ms="921" started-at="2018-04-03T01:58:02Z" finished-at="2018-04-03T01:58:03Z">
      <class name="com.lemon.app.FutureLoanSwipe">
        <test-method status="PASS" signature="setUp(java.lang.String, java.lang.String, java.lang.String, java.lang.String)[pri:0, instance:com.lemon.app.FutureLoanSwipe@7fac631b]" name="setUp" is-config="true" duration-ms="12501" started-at="2018-04-03T09:57:49Z" finished-at="2018-04-03T09:58:02Z">
          <params>
            <param index="0">
              <value>
                <![CDATA[127.0.0.1:62001]]>
              </value>
            </param>
            <param index="1">
              <value>
                <![CDATA[com.xxzb.fenwoo]]>
              </value>
            </param>
            <param index="2">
              <value>
                <![CDATA[com.xxzb.fenwoo.activity.addition.SplashActivity]]>
              </value>
            </param>
            <param index="3">
              <value>
                <![CDATA[http://127.0.0.1:4723/wd/hub]]>
              </value>
            </param>
          </params>
          <reporter-output>
          </reporter-output>
        </test-method> <!-- setUp -->
        <test-method status="PASS" signature="test()[pri:0, instance:com.lemon.app.FutureLoanSwipe@7fac631b]" name="test" duration-ms="788" started-at="2018-04-03T09:58:02Z" finished-at="2018-04-03T09:58:03Z">
          <reporter-output>
          </reporter-output>
        </test-method> <!-- test -->
        <test-method status="PASS" signature="tearDown()[pri:0, instance:com.lemon.app.FutureLoanSwipe@7fac631b]" name="tearDown" is-config="true" duration-ms="1094" started-at="2018-04-03T09:58:04Z" finished-at="2018-04-03T09:58:05Z">
          <reporter-output>
          </reporter-output>
        </test-method> <!-- tearDown -->
      </class> <!-- com.lemon.app.FutureLoanSwipe -->
    </test> <!-- registerTest -->
  </suite> <!-- phoenix_app_1 -->
</testng-results>
